Performing C SOURCE FILE Test CMAKE_HAVE_LIBC_PTHREAD failed with the following output:
Change Dir: /home/nickyoleary/CLionProjects/task03_196_Tatarinov_23/cmake-build-debug/CMakeFiles/CMakeTmp

Run Build Command(s):/usr/bin/make cmTC_2e989/fast && /usr/bin/make  -f CMakeFiles/cmTC_2e989.dir/build.make CMakeFiles/cmTC_2e989.dir/build
make[1]: вход в каталог «/home/nickyoleary/CLionProjects/task03_196_Tatarinov_23/cmake-build-debug/CMakeFiles/CMakeTmp»
Building C object CMakeFiles/cmTC_2e989.dir/src.c.o
/usr/bin/cc   -DCMAKE_HAVE_LIBC_PTHREAD   -o CMakeFiles/cmTC_2e989.dir/src.c.o   -c /home/nickyoleary/CLionProjects/task03_196_Tatarinov_23/cmake-build-debug/CMakeFiles/CMakeTmp/src.c
Linking C executable cmTC_2e989
/home/nickyoleary/.local/share/JetBrains/Toolbox/apps/CLion/ch-0/202.7319.72/bin/cmake/linux/bin/cmake -E cmake_link_script CMakeFiles/cmTC_2e989.dir/link.txt --verbose=1
/usr/bin/cc  -DCMAKE_HAVE_LIBC_PTHREAD    CMakeFiles/cmTC_2e989.dir/src.c.o  -o cmTC_2e989 
/usr/bin/ld: CMakeFiles/cmTC_2e989.dir/src.c.o: в функции «main»:
src.c:(.text+0x3e): неопределённая ссылка на «pthread_create»
/usr/bin/ld: src.c:(.text+0x4a): неопределённая ссылка на «pthread_detach»
/usr/bin/ld: src.c:(.text+0x56): неопределённая ссылка на «pthread_cancel»
/usr/bin/ld: src.c:(.text+0x67): неопределённая ссылка на «pthread_join»
collect2: ошибка: выполнение ld завершилось с кодом возврата 1
make[1]: *** [CMakeFiles/cmTC_2e989.dir/build.make:107: cmTC_2e989] Ошибка 1
make[1]: выход из каталога «/home/nickyoleary/CLionProjects/task03_196_Tatarinov_23/cmake-build-debug/CMakeFiles/CMakeTmp»
make: *** [Makefile:141: cmTC_2e989/fast] Ошибка 2


Source file was:
#include <pthread.h>

void* test_func(void* data)
{
  return data;
}

int main(void)
{
  pthread_t thread;
  pthread_create(&thread, NULL, test_func, NULL);
  pthread_detach(thread);
  pthread_cancel(thread);
  pthread_join(thread, NULL);
  pthread_atfork(NULL, NULL, NULL);
  pthread_exit(NULL);

  return 0;
}

Determining if the function pthread_create exists in the pthreads failed with the following output:
Change Dir: /home/nickyoleary/CLionProjects/task03_196_Tatarinov_23/cmake-build-debug/CMakeFiles/CMakeTmp

Run Build Command(s):/usr/bin/make cmTC_b9335/fast && /usr/bin/make  -f CMakeFiles/cmTC_b9335.dir/build.make CMakeFiles/cmTC_b9335.dir/build
make[1]: вход в каталог «/home/nickyoleary/CLionProjects/task03_196_Tatarinov_23/cmake-build-debug/CMakeFiles/CMakeTmp»
Building C object CMakeFiles/cmTC_b9335.dir/CheckFunctionExists.c.o
/usr/bin/cc   -DCHECK_FUNCTION_EXISTS=pthread_create   -o CMakeFiles/cmTC_b9335.dir/CheckFunctionExists.c.o   -c /home/nickyoleary/.local/share/JetBrains/Toolbox/apps/CLion/ch-0/202.7319.72/bin/cmake/linux/share/cmake-3.17/Modules/CheckFunctionExists.c
Linking C executable cmTC_b9335
/home/nickyoleary/.local/share/JetBrains/Toolbox/apps/CLion/ch-0/202.7319.72/bin/cmake/linux/bin/cmake -E cmake_link_script CMakeFiles/cmTC_b9335.dir/link.txt --verbose=1
/usr/bin/cc  -DCHECK_FUNCTION_EXISTS=pthread_create    CMakeFiles/cmTC_b9335.dir/CheckFunctionExists.c.o  -o cmTC_b9335  -lpthreads 
/usr/bin/ld: невозможно найти -lpthreads
collect2: ошибка: выполнение ld завершилось с кодом возврата 1
make[1]: *** [CMakeFiles/cmTC_b9335.dir/build.make:107: cmTC_b9335] Ошибка 1
make[1]: выход из каталога «/home/nickyoleary/CLionProjects/task03_196_Tatarinov_23/cmake-build-debug/CMakeFiles/CMakeTmp»
make: *** [Makefile:141: cmTC_b9335/fast] Ошибка 2



